{
  "0 debug pnpm:scope": {
    "selected": 1
  },
  "1 error pnpm": {
    "message": {
      "errno": 1,
      "code": "ELIFECYCLE",
      "pkgid": "node-env-test@1.0.0",
      "stage": "start",
      "script": "node dist/index.ts",
      "pkgname": "node-env-test"
    },
    "err": {
      "name": "Error",
      "message": "node-env-test@1.0.0 start: `node dist/index.ts`\nExit status 1",
      "code": "ELIFECYCLE",
      "stack": "Error: node-env-test@1.0.0 start: `node dist/index.ts`\nExit status 1\n    at EventEmitter.proc.on (/home/vgurov/.nvm/versions/node/v10.16.0/lib/node_modules/pnpm/lib/node_modules/@zkochan/npm-lifecycle/index.js:302:16)\n    at EventEmitter.emit (events.js:198:13)\n    at ChildProcess.<anonymous> (/home/vgurov/.nvm/versions/node/v10.16.0/lib/node_modules/pnpm/lib/node_modules/@zkochan/npm-lifecycle/lib/spawn.js:55:14)\n    at ChildProcess.emit (events.js:198:13)\n    at maybeClose (internal/child_process.js:982:16)\n    at Process.ChildProcess._handle.onexit (internal/child_process.js:259:5)"
    }
  }
}